<?xml version="1.0" encoding="UTF-8"?>
<!-- Generated by org.testng.reporters.JUnitReportReporter -->
<testsuite hostname="sjcnayasr01-mac.local" name="week2.day4.tests.testLinearSearch" tests="1" failures="0" timestamp="15 May 2019 22:52:36 GMT" time="0.011" errors="0">
  <testcase name="testLenierSearchMethod" time="0.011" classname="week2.day4.tests.testLinearSearch"/>
</testsuite>
